2018-09-13 10:55:32,453 - BrowserEngine - INFO - You had select Firefox browser
2018-09-13 10:55:32,454 - BrowserEngine - INFO - The test server url is:https://www.baidu.com
2018-09-13 10:55:39,380 - BrowserEngine - INFO - Starting firefox browser
2018-09-13 10:55:41,380 - BrowserEngine - INFO - Waiting 2 seconds
2018-09-13 10:55:42,660 - BrowserEngine - INFO - Open url:https://www.baidu.com
2018-09-13 10:55:42,664 - BrowserEngine - INFO - Set implicitly wait 10 seconds
2018-09-13 10:55:42,703 - BasePage - INFO - Had find the element '  ' successful by id via value: kw
2018-09-13 10:55:42,857 - BasePage - INFO - Had type ' selenium ' in inputBox
2018-09-13 10:55:42,940 - BasePage - INFO - Had find the element '  ' successful by xpath via value //*[@id='su']
2018-09-13 10:55:43,217 - BasePage - INFO - The element '  ' was clicked.
2018-09-13 10:55:45,309 - BasePage - INFO - Had take screenshot and save to folder : /screenshots/
2018-09-13 10:55:45,979 - BrowserEngine - INFO - You had select Firefox browser
2018-09-13 10:55:45,979 - BrowserEngine - INFO - The test server url is:https://www.baidu.com
2018-09-13 10:55:54,401 - BrowserEngine - INFO - Starting firefox browser
2018-09-13 10:55:56,401 - BrowserEngine - INFO - Waiting 2 seconds
2018-09-13 10:55:57,056 - BrowserEngine - INFO - Open url:https://www.baidu.com
2018-09-13 10:55:57,062 - BrowserEngine - INFO - Set implicitly wait 10 seconds
2018-09-13 10:55:57,109 - BasePage - INFO - Had find the element '  ' successful by id via value: kw
2018-09-13 10:55:57,252 - BasePage - INFO - Had type ' Python ' in inputBox
2018-09-13 10:55:57,345 - BasePage - INFO - Had find the element '  ' successful by xpath via value //*[@id='su']
2018-09-13 10:55:57,618 - BasePage - INFO - The element '  ' was clicked.
2018-09-13 10:55:59,720 - BasePage - INFO - Had take screenshot and save to folder : /screenshots/
